
Row and/or column partition is empty. All the data will be used by default.
Model P498xy assigned to TipSeq32_
Branch parameter of TipSeq32_ set to :0.00146894
Model P498xy assigned to TipSeq12_
Branch parameter of TipSeq12_ set to :0.00278126
Model P498xy assigned to TipSeq7_
Branch parameter of TipSeq7_ set to :0.00717922
Model P498xy assigned to Node5
Branch parameter of Node5 set to :0.00777676
Model P498xy assigned to Node3
Branch parameter of Node3 set to :5e-09
Model P498xy assigned to TipSeq10_
Branch parameter of TipSeq10_ set to :0.00496102
Model P498xy assigned to TipSeq29_
Branch parameter of TipSeq29_ set to :0.00199785
Model P498xy assigned to TipSeq14_
Branch parameter of TipSeq14_ set to :0.00156047
Model P498xy assigned to Node24
Branch parameter of Node24 set to :0.00137158
Model P498xy assigned to TipSeq15_
Branch parameter of TipSeq15_ set to :0.000561485
Model P498xy assigned to Node23
Branch parameter of Node23 set to :5e-09
Model P498xy assigned to Node21
Branch parameter of Node21 set to :0.000158109
Model P498xy assigned to TipSeq21_
Branch parameter of TipSeq21_ set to :0.000604027
Model P498xy assigned to TipSeq33_
Branch parameter of TipSeq33_ set to :0.00449342
Model P498xy assigned to TipSeq40_
Branch parameter of TipSeq40_ set to :0.00554121
Model P498xy assigned to TipSeq13_
Branch parameter of TipSeq13_ set to :0.00104881
Model P498xy assigned to Node38
Branch parameter of Node38 set to :0.00935968
Model P498xy assigned to TipSeq18_
Branch parameter of TipSeq18_ set to :0.00428214
Model P498xy assigned to TipSeq3_
Branch parameter of TipSeq3_ set to :0.00478535
Model P498xy assigned to Node42
Branch parameter of Node42 set to :0.00163867
Model P498xy assigned to TipSeq8_
Branch parameter of TipSeq8_ set to :0.00094549
Model P498xy assigned to TipSeq4_
Branch parameter of TipSeq4_ set to :0.00525163
Model P498xy assigned to Node46
Branch parameter of Node46 set to :0.0017807
Model P498xy assigned to TipSeq6_
Branch parameter of TipSeq6_ set to :0.000214813
Model P498xy assigned to Node45
Branch parameter of Node45 set to :0.000551844
Model P498xy assigned to Node41
Branch parameter of Node41 set to :0.00408326
Model P498xy assigned to Node37
Branch parameter of Node37 set to :0.00421653
Model P498xy assigned to TipSeq28_
Branch parameter of TipSeq28_ set to :0.00286602
Model P498xy assigned to TipSeq11_
Branch parameter of TipSeq11_ set to :0.00387136
Model P498xy assigned to Node54
Branch parameter of Node54 set to :0.00118776
Model P498xy assigned to TipSeq9_
Branch parameter of TipSeq9_ set to :0.000952102
Model P498xy assigned to Node53
Branch parameter of Node53 set to :0.000192697
Model P498xy assigned to TipSeq5_
Branch parameter of TipSeq5_ set to :0.00771704
Model P498xy assigned to Node52
Branch parameter of Node52 set to :0.00141816
Model P498xy assigned to TipSeq19_
Branch parameter of TipSeq19_ set to :0.000589716
Model P498xy assigned to TipSeq2_
Branch parameter of TipSeq2_ set to :0.0016121
Model P498xy assigned to TipSeq1_
Branch parameter of TipSeq1_ set to :0.00123711
Model P498xy assigned to Node61
Branch parameter of Node61 set to :0.00478783
Model P498xy assigned to Node59
Branch parameter of Node59 set to :0.00125105
Model P498xy assigned to Node51
Branch parameter of Node51 set to :0.00207374
Model P498xy assigned to TipSeq26_
Branch parameter of TipSeq26_ set to :5e-09
Model P498xy assigned to TipSeq16_
Branch parameter of TipSeq16_ set to :0.000198835
Model P498xy assigned to Node64
Branch parameter of Node64 set to :0.000423131
Model P498xy assigned to Node50
Branch parameter of Node50 set to :0.000320419
Model P498xy assigned to Node36
Branch parameter of Node36 set to :0.000386204
Model P498xy assigned to TipSeq27_
Branch parameter of TipSeq27_ set to :0.00722042
Model P498xy assigned to Node35
Branch parameter of Node35 set to :0.000729583
Model P498xy assigned to TipSeq22_
Branch parameter of TipSeq22_ set to :0.000407087
Model P498xy assigned to Node34
Branch parameter of Node34 set to :0.00394459
Model P498xy assigned to TipSeq23_
Branch parameter of TipSeq23_ set to :0.00280411
Model P498xy assigned to Node33
Branch parameter of Node33 set to :0.00209779
Model P498xy assigned to Node31
Branch parameter of Node31 set to :0.000158163
Model P498xy assigned to Node29
Branch parameter of Node29 set to :0.00224319
Model P498xy assigned to TipSeq24_
Branch parameter of TipSeq24_ set to :0.00174282
Model P498xy assigned to Node28
Branch parameter of Node28 set to :0.00122834
Model P498xy assigned to Node20
Branch parameter of Node20 set to :0.000402629
Model P498xy assigned to TipSeq36_
Branch parameter of TipSeq36_ set to :0.00101531
Model P498xy assigned to Node19
Branch parameter of Node19 set to :0.00122934
Model P498xy assigned to TipSeq38_
Branch parameter of TipSeq38_ set to :0.00107165
Model P498xy assigned to Node18
Branch parameter of Node18 set to :0.00329117
Model P498xy assigned to TipSeq25_
Branch parameter of TipSeq25_ set to :0.000583983
Model P498xy assigned to Node17
Branch parameter of Node17 set to :0.000137311
Model P498xy assigned to TipSeq42_
Branch parameter of TipSeq42_ set to :0.00485947
Model P498xy assigned to Node16
Branch parameter of Node16 set to :0.00181765
Model P498xy assigned to TipSeq44_
Branch parameter of TipSeq44_ set to :5e-09
Model P498xy assigned to Node15
Branch parameter of Node15 set to :0.00232529
Model P498xy assigned to TipSeq46_
Branch parameter of TipSeq46_ set to :0.000230846
Model P498xy assigned to Node14
Branch parameter of Node14 set to :0.0181976
Model P498xy assigned to TipSeq45_
Branch parameter of TipSeq45_ set to :0.00100878
Model P498xy assigned to Node13
Branch parameter of Node13 set to :0.00169895
Model P498xy assigned to TipSeq41_
Branch parameter of TipSeq41_ set to :0.000987494
Model P498xy assigned to Node12
Branch parameter of Node12 set to :0.00546053
Model P498xy assigned to TipSeq43_
Branch parameter of TipSeq43_ set to :0.00122674
Model P498xy assigned to TipSeq34_
Branch parameter of TipSeq34_ set to :0.00182049
Model P498xy assigned to Node79
Branch parameter of Node79 set to :0.00322654
Model P498xy assigned to Node11
Branch parameter of Node11 set to :0.0456696
Model P498xy assigned to TipSeq35_
Branch parameter of TipSeq35_ set to :0.0166389
Model P498xy assigned to Node10
Branch parameter of Node10 set to :0.00688651
Model P498xy assigned to TipSeq30_
Branch parameter of TipSeq30_ set to :0.00101136
Model P498xy assigned to Node9
Branch parameter of Node9 set to :0.00212442
Model P498xy assigned to TipSeq39_
Branch parameter of TipSeq39_ set to :0.000927278
Model P498xy assigned to Node8
Branch parameter of Node8 set to :0.00304187
Model P498xy assigned to Node2
Branch parameter of Node2 set to :0.000980943
Model P498xy assigned to TipSeq17_
Branch parameter of TipSeq17_ set to :0.00891682
Model P498xy assigned to Node1
Branch parameter of Node1 set to :0.000190915
Model P498xy assigned to TipSeq37_
Branch parameter of TipSeq37_ set to :0.00244881
Model P498xy assigned to TipSeq31_
Branch parameter of TipSeq31_ set to :0.00198815
Model P498xy assigned to Node86
Branch parameter of Node86 set to :0.000795981
Model P498xy assigned to TipSeq20_
Branch parameter of TipSeq20_ set to :0.000197646
The tips of the tree:tree were matched with the species names from the data as follows {31,11,6,9,28,13,14,20,32,39,12,17,2,7,3,5,27,10,8,4,18,1,0,25,15,26,21,22,23,35,37,24,41,43,45,44,40,42,33,34,29,38,16,36,30,19}
Partition  reversible model flag computed as 1
Variable 'likelihood' was not initialized prior to being used