
Row and/or column partition is empty. All the data will be used by default.
Model P498xy assigned to TipSeq27_
Branch parameter of TipSeq27_ set to :0.000465958
Model P498xy assigned to TipSeq29_
Branch parameter of TipSeq29_ set to :0.002207
Model P498xy assigned to TipSeq19_
Branch parameter of TipSeq19_ set to :0.000203705
Model P498xy assigned to TipSeq18_
Branch parameter of TipSeq18_ set to :0.00100499
Model P498xy assigned to TipSeq16_
Branch parameter of TipSeq16_ set to :0.00175077
Model P498xy assigned to TipSeq2_
Branch parameter of TipSeq2_ set to :0.0005838
Model P498xy assigned to Node29
Branch parameter of Node29 set to :0.000579115
Model P498xy assigned to TipSeq5_
Branch parameter of TipSeq5_ set to :0.00195168
Model P498xy assigned to Node28
Branch parameter of Node28 set to :0.000778951
Model P498xy assigned to TipSeq15_
Branch parameter of TipSeq15_ set to :0.000582565
Model P498xy assigned to Node27
Branch parameter of Node27 set to :0.00077816
Model P498xy assigned to TipSeq6_
Branch parameter of TipSeq6_ set to :0.00097172
Model P498xy assigned to Node26
Branch parameter of Node26 set to :0.0042582
Model P498xy assigned to TipSeq1_
Branch parameter of TipSeq1_ set to :0.00103391
Model P498xy assigned to Node25
Branch parameter of Node25 set to :0.00204022
Model P498xy assigned to TipSeq7_
Branch parameter of TipSeq7_ set to :0.00308252
Model P498xy assigned to TipSeq3_
Branch parameter of TipSeq3_ set to :0.000820578
Model P498xy assigned to Node36
Branch parameter of Node36 set to :0.000579837
Model P498xy assigned to Node24
Branch parameter of Node24 set to :0.000206836
Model P498xy assigned to Node22
Branch parameter of Node22 set to :0.00161636
Model P498xy assigned to TipSeq8_
Branch parameter of TipSeq8_ set to :0.00102747
Model P498xy assigned to Node21
Branch parameter of Node21 set to :0.00205761
Model P498xy assigned to Node19
Branch parameter of Node19 set to :0.00019166
Model P498xy assigned to TipSeq11_
Branch parameter of TipSeq11_ set to :0.00124313
Model P498xy assigned to Node18
Branch parameter of Node18 set to :0.00170119
Model P498xy assigned to Node16
Branch parameter of Node16 set to :0.00083728
Model P498xy assigned to TipSeq24_
Branch parameter of TipSeq24_ set to :0.000622134
Model P498xy assigned to Node15
Branch parameter of Node15 set to :0.00513737
Model P498xy assigned to TipSeq10_
Branch parameter of TipSeq10_ set to :0.00213112
Model P498xy assigned to Node14
Branch parameter of Node14 set to :0.00232298
Model P498xy assigned to TipSeq12_
Branch parameter of TipSeq12_ set to :0.000396671
Model P498xy assigned to Node13
Branch parameter of Node13 set to :0.00652335
Model P498xy assigned to TipSeq33_
Branch parameter of TipSeq33_ set to :0.000838539
Model P498xy assigned to TipSeq22_
Branch parameter of TipSeq22_ set to :0.0012647
Model P498xy assigned to Node45
Branch parameter of Node45 set to :0.000648064
Model P498xy assigned to TipSeq26_
Branch parameter of TipSeq26_ set to :0.0004066
Model P498xy assigned to Node44
Branch parameter of Node44 set to :0.00158307
Model P498xy assigned to Node12
Branch parameter of Node12 set to :0.000797994
Model P498xy assigned to TipSeq36_
Branch parameter of TipSeq36_ set to :0.00174238
Model P498xy assigned to Node11
Branch parameter of Node11 set to :0.00376802
Model P498xy assigned to Node9
Branch parameter of Node9 set to :0.00020263
Model P498xy assigned to TipSeq21_
Branch parameter of TipSeq21_ set to :0.00105073
Model P498xy assigned to Node8
Branch parameter of Node8 set to :0.00192549
Model P498xy assigned to TipSeq9_
Branch parameter of TipSeq9_ set to :0.00107304
Model P498xy assigned to Node7
Branch parameter of Node7 set to :0.0004301
Model P498xy assigned to TipSeq34_
Branch parameter of TipSeq34_ set to :0.000408968
Model P498xy assigned to Node6
Branch parameter of Node6 set to :0.00392617
Model P498xy assigned to TipSeq25_
Branch parameter of TipSeq25_ set to :0.000223494
Model P498xy assigned to Node5
Branch parameter of Node5 set to :0.000331789
Model P498xy assigned to TipSeq28_
Branch parameter of TipSeq28_ set to :0.00670989
Model P498xy assigned to TipSeq20_
Branch parameter of TipSeq20_ set to :0.0018658
Model P498xy assigned to TipSeq13_
Branch parameter of TipSeq13_ set to :5e-09
Model P498xy assigned to TipSeq4_
Branch parameter of TipSeq4_ set to :0.00291804
Model P498xy assigned to Node61
Branch parameter of Node61 set to :0.00168062
Model P498xy assigned to Node59
Branch parameter of Node59 set to :0.00104435
Model P498xy assigned to TipSeq14_
Branch parameter of TipSeq14_ set to :0.000616026
Model P498xy assigned to Node58
Branch parameter of Node58 set to :0.00488322
Model P498xy assigned to Node56
Branch parameter of Node56 set to :0.00184054
Model P498xy assigned to TipSeq23_
Branch parameter of TipSeq23_ set to :0.000730229
Model P498xy assigned to Node55
Branch parameter of Node55 set to :0.00309067
Model P498xy assigned to TipSeq17_
Branch parameter of TipSeq17_ set to :0.000619418
Model P498xy assigned to Node54
Branch parameter of Node54 set to :0.00287077
Model P498xy assigned to Node4
Branch parameter of Node4 set to :0.00388326
Model P498xy assigned to TipSeq32_
Branch parameter of TipSeq32_ set to :0.00335561
Model P498xy assigned to Node3
Branch parameter of Node3 set to :0.00335258
Model P498xy assigned to TipSeq30_
Branch parameter of TipSeq30_ set to :0.00364566
Model P498xy assigned to Node2
Branch parameter of Node2 set to :0.00690852
Model P498xy assigned to TipSeq37_
Branch parameter of TipSeq37_ set to :0.0112287
Model P498xy assigned to Node1
Branch parameter of Node1 set to :0.00540939
Model P498xy assigned to TipSeq35_
Branch parameter of TipSeq35_ set to :0.00245439
Model P498xy assigned to TipSeq31_
Branch parameter of TipSeq31_ set to :0.00087528
The tips of the tree:tree were matched with the species names from the data as follows {26,28,18,17,15,1,4,14,5,0,6,2,7,10,23,9,11,32,21,25,35,20,8,33,24,27,19,12,3,13,22,16,31,29,36,34,30}
Partition  reversible model flag computed as 1
Variable 'likelihood' was not initialized prior to being used