This is pdfTeX, Version 3.1415926-2.5-1.40.14 (TeX Live 2013/Debian) (format=pdflatex 2014.11.2)  5 MAR 2015 21:30
entering extended mode
 restricted \write18 enabled.
 %&-line parsing enabled.
**Aichi68C_replicate_2_virus_makealignments_summary.tex
(./Aichi68C_replicate_2_virus_makealignments_summary.tex
LaTeX2e <2011/06/27>
Babel <3.9h> and hyphenation patterns for 2 languages loaded.
(/usr/share/texlive/texmf-dist/tex/latex/base/article.cls
Document Class: article 2007/10/19 v1.4h Standard LaTeX document class
(/usr/share/texlive/texmf-dist/tex/latex/base/size10.clo
File: size10.clo 2007/10/19 v1.4h Standard LaTeX file (size option)
)
\c@part=\count79
\c@section=\count80
\c@subsection=\count81
\c@subsubsection=\count82
\c@paragraph=\count83
\c@subparagraph=\count84
\c@figure=\count85
\c@table=\count86
\abovecaptionskip=\skip41
\belowcaptionskip=\skip42
\bibindent=\dimen102
)
(/usr/share/texlive/texmf-dist/tex/latex/graphics/graphicx.sty
Package: graphicx 1999/02/16 v1.0f Enhanced LaTeX Graphics (DPC,SPQR)

(/usr/share/texlive/texmf-dist/tex/latex/graphics/keyval.sty
Package: keyval 1999/03/16 v1.13 key=value parser (DPC)
\KV@toks@=\toks14
)
(/usr/share/texlive/texmf-dist/tex/latex/graphics/graphics.sty
Package: graphics 2009/02/05 v1.0o Standard LaTeX Graphics (DPC,SPQR)

(/usr/share/texlive/texmf-dist/tex/latex/graphics/trig.sty
Package: trig 1999/03/16 v1.09 sin cos tan (DPC)
)
(/usr/share/texlive/texmf-dist/tex/latex/latexconfig/graphics.cfg
File: graphics.cfg 2010/04/23 v1.9 graphics configuration of TeX Live
)
Package graphics Info: Driver file: pdftex.def on input line 91.

(/usr/share/texlive/texmf-dist/tex/latex/pdftex-def/pdftex.def
File: pdftex.def 2011/05/27 v0.06d Graphics/color for pdfTeX

(/usr/share/texlive/texmf-dist/tex/generic/oberdiek/infwarerr.sty
Package: infwarerr 2010/04/08 v1.3 Providing info/warning/error messages (HO)
)
(/usr/share/texlive/texmf-dist/tex/generic/oberdiek/ltxcmds.sty
Package: ltxcmds 2011/11/09 v1.22 LaTeX kernel commands for general use (HO)
)
\Gread@gobject=\count87
))
\Gin@req@height=\dimen103
\Gin@req@width=\dimen104
)
(/usr/share/texlive/texmf-dist/tex/latex/geometry/geometry.sty
Package: geometry 2010/09/12 v5.6 Page Geometry

(/usr/share/texlive/texmf-dist/tex/generic/oberdiek/ifpdf.sty
Package: ifpdf 2011/01/30 v2.3 Provides the ifpdf switch (HO)
Package ifpdf Info: pdfTeX in PDF mode is detected.
)
(/usr/share/texlive/texmf-dist/tex/generic/oberdiek/ifvtex.sty
Package: ifvtex 2010/03/01 v1.5 Detect VTeX and its facilities (HO)
Package ifvtex Info: VTeX not detected.
)
(/usr/share/texlive/texmf-dist/tex/generic/ifxetex/ifxetex.sty
Package: ifxetex 2010/09/12 v0.6 Provides ifxetex conditional
)
\Gm@cnth=\count88
\Gm@cntv=\count89
\c@Gm@tempcnt=\count90
\Gm@bindingoffset=\dimen105
\Gm@wd@mp=\dimen106
\Gm@odd@mp=\dimen107
\Gm@even@mp=\dimen108
\Gm@layoutwidth=\dimen109
\Gm@layoutheight=\dimen110
\Gm@layouthoffset=\dimen111
\Gm@layoutvoffset=\dimen112
\Gm@dimlist=\toks15
)
(./Aichi68C_replicate_2_virus_makealignments_summary.aux)
\openout1 = `Aichi68C_replicate_2_virus_makealignments_summary.aux'.

LaTeX Font Info:    Checking defaults for OML/cmm/m/it on input line 6.
LaTeX Font Info:    ... okay on input line 6.
LaTeX Font Info:    Checking defaults for T1/cmr/m/n on input line 6.
LaTeX Font Info:    ... okay on input line 6.
LaTeX Font Info:    Checking defaults for OT1/cmr/m/n on input line 6.
LaTeX Font Info:    ... okay on input line 6.
LaTeX Font Info:    Checking defaults for OMS/cmsy/m/n on input line 6.
LaTeX Font Info:    ... okay on input line 6.
LaTeX Font Info:    Checking defaults for OMX/cmex/m/n on input line 6.
LaTeX Font Info:    ... okay on input line 6.
LaTeX Font Info:    Checking defaults for U/cmr/m/n on input line 6.
LaTeX Font Info:    ... okay on input line 6.

(/usr/share/texlive/texmf-dist/tex/context/base/supp-pdf.mkii
[Loading MPS to PDF converter (version 2006.09.02).]
\scratchcounter=\count91
\scratchdimen=\dimen113
\scratchbox=\box26
\nofMPsegments=\count92
\nofMParguments=\count93
\everyMPshowfont=\toks16
\MPscratchCnt=\count94
\MPscratchDim=\dimen114
\MPnumerator=\count95
\makeMPintoPDFobject=\count96
\everyMPtoPDFconversion=\toks17
) (/usr/share/texlive/texmf-dist/tex/generic/oberdiek/pdftexcmds.sty
Package: pdftexcmds 2011/11/29 v0.20 Utility functions of pdfTeX for LuaTeX (HO
)

(/usr/share/texlive/texmf-dist/tex/generic/oberdiek/ifluatex.sty
Package: ifluatex 2010/03/01 v1.3 Provides the ifluatex switch (HO)
Package ifluatex Info: LuaTeX not detected.
)
Package pdftexcmds Info: LuaTeX not detected.
Package pdftexcmds Info: \pdf@primitive is available.
Package pdftexcmds Info: \pdf@ifprimitive is available.
Package pdftexcmds Info: \pdfdraftmode found.
)
(/usr/share/texlive/texmf-dist/tex/latex/oberdiek/epstopdf-base.sty
Package: epstopdf-base 2010/02/09 v2.5 Base part for package epstopdf

(/usr/share/texlive/texmf-dist/tex/latex/oberdiek/grfext.sty
Package: grfext 2010/08/19 v1.1 Manage graphics extensions (HO)

(/usr/share/texlive/texmf-dist/tex/generic/oberdiek/kvdefinekeys.sty
Package: kvdefinekeys 2011/04/07 v1.3 Define keys (HO)
))
(/usr/share/texlive/texmf-dist/tex/latex/oberdiek/kvoptions.sty
Package: kvoptions 2011/06/30 v3.11 Key value format for package options (HO)

(/usr/share/texlive/texmf-dist/tex/generic/oberdiek/kvsetkeys.sty
Package: kvsetkeys 2012/04/25 v1.16 Key value parser (HO)

(/usr/share/texlive/texmf-dist/tex/generic/oberdiek/etexcmds.sty
Package: etexcmds 2011/02/16 v1.5 Avoid name clashes with e-TeX commands (HO)
Package etexcmds Info: Could not find \expanded.
(etexcmds)             That can mean that you are not using pdfTeX 1.50 or
(etexcmds)             that some package has redefined \expanded.
(etexcmds)             In the latter case, load this package earlier.
)))
Package grfext Info: Graphics extension search list:
(grfext)             [.png,.pdf,.jpg,.mps,.jpeg,.jbig2,.jb2,.PNG,.PDF,.JPG,.JPE
G,.JBIG2,.JB2,.eps]
(grfext)             \AppendGraphicsExtensions on input line 452.

(/usr/share/texlive/texmf-dist/tex/latex/latexconfig/epstopdf-sys.cfg
File: epstopdf-sys.cfg 2010/07/13 v1.3 Configuration of (r)epstopdf for TeX Liv
e
))
*geometry* driver: auto-detecting
*geometry* detected driver: pdftex
*geometry* verbose mode - [ preamble ] result:
* driver: pdftex
* paper: letterpaper
* layout: <same size as paper>
* layoutoffset:(h,v)=(0.0pt,0.0pt)
* modes: 
* h-part:(L,W,R)=(57.81621pt, 498.66258pt, 57.81621pt)
* v-part:(T,H,B)=(57.81621pt, 679.33757pt, 57.81621pt)
* \paperwidth=614.295pt
* \paperheight=794.96999pt
* \textwidth=498.66258pt
* \textheight=679.33757pt
* \oddsidemargin=-14.45378pt
* \evensidemargin=-14.45378pt
* \topmargin=-51.45378pt
* \headheight=12.0pt
* \headsep=25.0pt
* \topskip=10.0pt
* \footskip=30.0pt
* \marginparwidth=65.0pt
* \marginparsep=11.0pt
* \columnsep=10.0pt
* \skip\footins=9.0pt plus 4.0pt minus 2.0pt
* \hoffset=0.0pt
* \voffset=0.0pt
* \mag=1000
* \@twocolumnfalse
* \@twosidefalse
* \@mparswitchfalse
* \@reversemarginfalse
* (1in=72.27pt=25.4mm, 1cm=28.453pt)


<Aichi68C_replicate_2_virus_alignmentstatistics.pdf, id=1, 289.08pt x 144.54pt>
File: Aichi68C_replicate_2_virus_alignmentstatistics.pdf Graphic file (type pdf
)
<use Aichi68C_replicate_2_virus_alignmentstatistics.pdf>
Package pdftex.def Info: Aichi68C_replicate_2_virus_alignmentstatistics.pdf use
d on input line 11.
(pdftex.def)             Requested size: 289.07999pt x 144.54623pt.

<Aichi68C_replicate_2_virus_insertlengths.pdf, id=2, 289.08pt x 144.54pt>
File: Aichi68C_replicate_2_virus_insertlengths.pdf Graphic file (type pdf)

<use Aichi68C_replicate_2_virus_insertlengths.pdf>
Package pdftex.def Info: Aichi68C_replicate_2_virus_insertlengths.pdf used on i
nput line 14.
(pdftex.def)             Requested size: 289.07999pt x 144.54623pt.
LaTeX Font Info:    External font `cmex10' loaded for size
(Font)              <7> on input line 15.
LaTeX Font Info:    External font `cmex10' loaded for size
(Font)              <5> on input line 15.

Underfull \hbox (badness 4634) in paragraph at lines 21--22
[]\OT1/cmr/m/n/10 Both reads must
 []


Underfull \hbox (badness 1117) in paragraph at lines 23--24
[]\OT1/cmr/m/n/10 Number of N/n nu-
 []


Underfull \hbox (badness 4569) in paragraph at lines 25--26
[]\OT1/cmr/m/n/10 Overlap be-
 []


Underfull \hbox (badness 10000) in paragraph at lines 27--28
[]\OT1/cmr/m/n/10 Number of mis-
 []


Underfull \hbox (badness 10000) in paragraph at lines 27--28
\OT1/cmr/m/n/10 matches in paired reads
 []


Underfull \hbox (badness 7116) in paragraph at lines 29--30
[]\OT1/cmr/m/n/10 Number of mis-
 []


Underfull \hbox (badness 7116) in paragraph at lines 31--32
[]\OT1/cmr/m/n/10 Number of mis-
 []


Underfull \hbox (badness 10000) in paragraph at lines 33--34
[]\OT1/cmr/m/n/10 Neither read
 []


Underfull \hbox (badness 10000) in paragraph at lines 33--34
\OT1/cmr/m/n/10 mis-matches with tar-get
 []


Underfull \hbox (badness 10000) in paragraph at lines 33--34
\OT1/cmr/m/n/10 se-quence af-ter trim-ming
 []

<Aichi68C_replicate_2_virus_R1mismatches.pdf, id=3, 216.81pt x 162.6075pt>
File: Aichi68C_replicate_2_virus_R1mismatches.pdf Graphic file (type pdf)

<use Aichi68C_replicate_2_virus_R1mismatches.pdf>
Package pdftex.def Info: Aichi68C_replicate_2_virus_R1mismatches.pdf used on in
put line 38.
(pdftex.def)             Requested size: 216.81pt x 162.61453pt.

<Aichi68C_replicate_2_virus_R2mismatches.pdf, id=4, 216.81pt x 162.6075pt>
File: Aichi68C_replicate_2_virus_R2mismatches.pdf Graphic file (type pdf)

<use Aichi68C_replicate_2_virus_R2mismatches.pdf>
Package pdftex.def Info: Aichi68C_replicate_2_virus_R2mismatches.pdf used on in
put line 38.
(pdftex.def)             Requested size: 216.81pt x 162.61453pt.
 [1

{/var/lib/texmf/fonts/map/pdftex/updmap/pdftex.map} <./Aichi68C_replicate_2_vir
us_alignmentstatistics.pdf> <./Aichi68C_replicate_2_virus_insertlengths.pdf

pdfTeX warning: pdflatex (file ./Aichi68C_replicate_2_virus_insertlengths.pdf):
 PDF inclusion: multiple pdfs with page group included in a single page
> <./Aichi68C_replicate_2_virus_R1mismatches.pdf

pdfTeX warning: pdflatex (file ./Aichi68C_replicate_2_virus_R1mismatches.pdf): 
PDF inclusion: multiple pdfs with page group included in a single page
> <./Aichi68C_replicate_2_virus_R2mismatches.pdf

pdfTeX warning: pdflatex (file ./Aichi68C_replicate_2_virus_R2mismatches.pdf): 
PDF inclusion: multiple pdfs with page group included in a single page
>] (./Aichi68C_replicate_2_virus_makealignments_summary.aux) ) 
Here is how much of TeX's memory you used:
 1964 strings out of 495028
 29336 string characters out of 6181497
 88845 words of memory out of 5000000
 5179 multiletter control sequences out of 15000+600000
 5158 words of font info for 19 fonts, out of 8000000 for 9000
 14 hyphenation exceptions out of 8191
 38i,6n,32p,296b,209s stack positions out of 5000i,500n,10000p,200000b,80000s
</usr/share/texli
ve/texmf-dist/fonts/type1/public/amsfonts/cm/cmbx10.pfb></usr/share/texlive/tex
mf-dist/fonts/type1/public/amsfonts/cm/cmbx12.pfb></usr/share/texlive/texmf-dis
t/fonts/type1/public/amsfonts/cm/cmmi10.pfb></usr/share/texlive/texmf-dist/font
s/type1/public/amsfonts/cm/cmr10.pfb></usr/share/texlive/texmf-dist/fonts/type1
/public/amsfonts/cm/cmr7.pfb></usr/share/texlive/texmf-dist/fonts/type1/public/
amsfonts/cm/cmsy10.pfb></usr/share/texlive/texmf-dist/fonts/type1/public/amsfon
ts/cm/cmsy7.pfb></usr/share/texlive/texmf-dist/fonts/type1/urw/helvetic/uhvr8a.
pfb></usr/share/texlive/texmf-dist/fonts/type1/urw/ncntrsbk/uncb8a.pfb>
Output written on Aichi68C_replicate_2_virus_makealignments_summary.pdf (1 page
, 284234 bytes).
PDF statistics:
 105 PDF objects out of 1000 (max. 8388607)
 86 compressed objects within 1 object stream
 0 named destinations out of 1000 (max. 500000)
 21 words of extra memory for PDF output out of 10000 (max. 10000000)

